Arguments: 
  /Users/andrew/Library/Application Support/fnm/node-versions/v14.17.0/installation/bin/node /Users/andrew/.yarn/bin/yarn.js

PATH: 
  /Users/andrew/.rbenv/shims:/Users/andrew/.amplify/bin:/bin:/Users/andrew/.cache/fnm_multishells/87734_1652582406122/bin:/Users/andrew/.yarn/bin:/Users/andrew/.config/yarn/global/node_modules/.bin:/Users/andrew/.local/bin:/Users/andrew/.local/share/solana/install/active_release/bin:/opt/homebrew/bin:/opt/homebrew/sbin:/Users/andrew/.spicetify:/Users/andrew/.nix-profile/bin:/nix/var/nix/profiles/default/bin:/Applications/kitty.app/Contents/MacOS:/Users/andrew/.cargo/bin:/run/current-system/sw/bin:/usr/local/bin:/usr/bin:/usr/sbin:/sbin:/Users/andrew/.fig/bin:/Users/andrew/Library/Python/3.9/bin:/Users/andrew/.npm-global/bin:/usr/local/go/bin:/Users/andrew/.rvm/bin:/Users/andrew/.fzf/bin

Yarn version: 
  1.22.15

Node version: 
  14.17.0

Platform: 
  darwin x64

Trace: 
  SyntaxError: /Users/andrew/dev/lemon/mono/packages/api/package.json: Unexpected token 
   in JSON at position 88
      at JSON.parse (<anonymous>)
      at /Users/andrew/.yarn/lib/cli.js:1625:59
      at Generator.next (<anonymous>)
      at step (/Users/andrew/.yarn/lib/cli.js:310:30)
      at /Users/andrew/.yarn/lib/cli.js:321:13

npm manifest: 
  {
    "name": "api",
    "version": "1.0.0",
    "main": "index.js",
    "license": "MIT",
    "},
    "devDependencies": {
      "@types/concurrently": "^6.2.0",
      "@types/connect-redis": "^0.0.16",
      "@types/dotenv": "^8.2.0",
      "@types/express": "^4.17.12",
      "@types/express-fileupload": "^1.1.6",
      "@types/express-session": "^1.17.3",
      "@types/ioredis": "^4.26.4",
      "@types/jsonwebtoken": "^8.5.2",
      "@types/passport": "^1.0.6",
      "@types/passport-discord": "^0.1.3",
      "@types/passport-github2": "^1.2.4",
      "@types/passport-google-oauth20": "^2.0.8",
      "@types/passport-twitter": "^1.0.36",
      "@types/rimraf": "^3.0.0",
      "@types/sharp": "^0.28.3",
      "@types/spotify-web-api-node": "^5.0.2",
      "@types/uuid": "^8.3.0",
      "concurrently": "^6.2.0",
      "jest": "^27.0.5",
      "sqlite3": "^5.0.2",
      "ts-node": "^10.0.0",
      "ts-node-dev": "^1.1.8",
      "tsc-alias": "^1.3.5",
      "typescript": "4.3.5"
    },
    "dependencies": {
      "apollo-server-express": "^2.25.2",
      "aws-sdk": "^2.939.0",
      "chalk": "^4.1.1",
      "class-validator": "^0.13.1",
      "connect-redis": "^6.0.0",
      "cross-fetch": "^3.1.4",
      "dotenv": "^10.0.0",
      "express": "^4.17.1",
      "express-fileupload": "^1.2.1",
      "express-session": "^1.17.2",
      "graphql-query-complexity": "^0.8.1",
      "ioredis": "^4.27.6",
      "jsonwebtoken": "^8.5.1",
      "nanoid": "^3.1.23",
      "passport": "^0.4.1",
      "passport-custom": "^1.1.1",
      "passport-discord": "^0.1.4",
      "passport-github2": "^0.1.12",
      "passport-google-oauth20": "^2.0.0",
      "passport-twitter": "^1.0.4",
      "pg": "^8.6.0",
      "redis": "^3.1.2",
      "reflect-metadata": "^0.1.13",
      "rimraf": "^3.0.2",
      "sharp": "^0.28.3",
      "spotify-web-api-node": "^5.0.2",
      "tslib": "^2.3.0",
      "type-graphql": "^1.1.1",
      "typeorm": "^0.2.34",
      "uuid": "^8.3.2"
    }
  }

yarn manifest: 
  No manifest

Lockfile: 
  No lockfile
